<?xml version="1.0" encoding="utf-8"?><testsuites><testsuite name="pytest" errors="0" failures="0" skipped="0" tests="63" time="47.498" timestamp="2022-09-21T09:22:55.615383" hostname="fv-az133-62"><testcase classname="tests.dataclass.efficiency_test" name="test_from_json" time="0.002" /><testcase classname="tests.dataclass.efficiency_test" name="test_evaluate" time="0.001" /><testcase classname="tests.dataclass.efficiency_test" name="test_weighted_mean" time="0.001" /><testcase classname="tests.mapping.test_aperture" name="test_cos_angle_from_normal_vectorAB" time="0.001" /><testcase classname="tests.mapping.test_aperture" name="test_vec2ring" time="0.001" /><testcase classname="tests.mapping.test_aperture" name="test_inout_convex_on_sphere" time="0.001" /><testcase classname="tests.mapping.test_aperture" name="test_inout_convex_on_sphere_map" time="0.001" /><testcase classname="tests.mapping.test_aperture" name="test_inout_detector" time="0.315" /><testcase classname="tests.mapping.test_read_catalog" name="test_inout_detector" time="0.213" /><testcase classname="tests.mission.test_mission" name="test_singleton" time="0.001" /><testcase classname="tests.mission.test_mission" name="test_singleton_2" time="0.001" /><testcase classname="tests.mission.test_mission" name="test_efficiency" time="0.001" /><testcase classname="tests.mission.test_mission" name="test_troughput" time="0.001" /><testcase classname="tests.mission.test_mission" name="test_period" time="0.001" /><testcase classname="tests.mission.test_mission" name="test_inclination" time="0.001" /><testcase classname="tests.photometry.Hw_coeff_test" name="test_compute_Hw_relation" time="4.002" /><testcase classname="tests.photometry.convmag_test" name="test_get_flux" time="0.006" /><testcase classname="tests.photometry.convmag_test" name="test_get_mag" time="0.003" /><testcase classname="tests.pipeline.test_astrometric_catalogue" name="test_save1" time="0.102" /><testcase classname="tests.pipeline.test_astrometric_catalogue" name="test_save2" time="0.098" /><testcase classname="tests.pipeline.test_astrometric_catalogue" name="test_load1" time="0.008" /><testcase classname="tests.pipeline.test_astrometric_catalogue" name="test_load2" time="0.008" /><testcase classname="tests.pipeline.test_astrometric_catalogue_builder" name="test_from_on_the_sky_position1" time="26.024" /><testcase classname="tests.pipeline.test_detector_image" name="test_load" time="0.003" /><testcase classname="tests.pipeline.test_detector_image" name="test_time" time="0.003" /><testcase classname="tests.pipeline.test_detector_image_builder" name="test_from_stellar_image1" time="0.017" /><testcase classname="tests.pipeline.test_detector_image_builder" name="test_from_stellar_image2" time="0.102" /><testcase classname="tests.pipeline.test_detector_image_builder" name="test_generate_stellar_image" time="0.001" /><testcase classname="tests.pipeline.test_detector_image_catalogue" name="test_load" time="0.010" /><testcase classname="tests.pipeline.test_detector_image_catalogue" name="test_save" time="0.076" /><testcase classname="tests.pipeline.test_map_on_detector" name="test_save1" time="0.002" /><testcase classname="tests.pipeline.test_map_on_detector" name="test_save2" time="0.002" /><testcase classname="tests.pipeline.test_map_on_detector" name="test_load1" time="0.001" /><testcase classname="tests.pipeline.test_map_on_detector" name="test_load2" time="0.001" /><testcase classname="tests.pipeline.test_map_on_detector" name="test_get_sky_positions1" time="0.004" /><testcase classname="tests.pipeline.test_map_on_detector" name="test_get_sky_positions2" time="0.003" /><testcase classname="tests.pipeline.test_map_on_detector" name="test_positions_on_detector" time="0.001" /><testcase classname="tests.pipeline.test_map_on_detector_builder" name="test_from_detector_image_catalogue" time="0.062" /><testcase classname="tests.pipeline.test_map_on_detector_builder" name="test_from_on_tye_sky_position" time="0.003" /><testcase classname="tests.pipeline.test_map_on_detector_builder" name="test_from_on_tye_sky_position_value_error" time="0.002" /><testcase classname="tests.pipeline.test_map_on_detector_builder" name="test_position" time="0.131" /><testcase classname="tests.pipeline.test_map_on_the_sky" name="test_save1" time="0.009" /><testcase classname="tests.pipeline.test_map_on_the_sky" name="test_save2" time="0.008" /><testcase classname="tests.pipeline.test_map_on_the_sky" name="test_save3" time="0.009" /><testcase classname="tests.pipeline.test_map_on_the_sky" name="test_save4" time="0.008" /><testcase classname="tests.pipeline.test_map_on_the_sky" name="test_load1" time="0.002" /><testcase classname="tests.pipeline.test_map_on_the_sky" name="test_load2" time="0.003" /><testcase classname="tests.pipeline.test_map_on_the_sky" name="test_load3" time="0.003" /><testcase classname="tests.pipeline.test_map_on_the_sky" name="test_position_on_the_sky" time="0.002" /><testcase classname="tests.pipeline.test_map_on_the_sky" name="test_orbit_id" time="0.002" /><testcase classname="tests.pipeline.test_map_on_the_sky_builder" name="test_position_at_certain_time" time="0.133" /><testcase classname="tests.pipeline.test_map_on_the_sky_builder" name="test_from_astrometric_catalogue_2_list" time="0.140" /><testcase classname="tests.pipeline.test_map_on_the_sky_builder" name="test_from_stellar_image" time="0.003" /><testcase classname="tests.pipeline.test_pipeline" name="test_simulation" time="2.273" /><testcase classname="tests.pipeline.test_pipeline" name="test_analysis" time="7.415" /><testcase classname="tests.pipeline.test_position2D" name="test_pos" time="0.001" /><testcase classname="tests.pipeline.test_position_on_detector" name="test_pos" time="0.001" /><testcase classname="tests.pipeline.test_position_on_detector" name="test_pos2" time="0.001" /><testcase classname="tests.pipeline.test_position_on_the_sky" name="test_pos1" time="0.002" /><testcase classname="tests.pipeline.test_position_on_the_sky" name="test_pos2" time="0.003" /><testcase classname="tests.test_tools.assert_timeout_test" name="test_assert_timeout__return_value" time="0.001" /><testcase classname="tests.test_tools.assert_timeout_test" name="test_assert_timeout__void_func" time="0.001" /><testcase classname="tests.test_tools.assert_timeout_test" name="test_assert_timeout__timeout" time="1.102" /></testsuite></testsuites>