<?xml version="1.0" encoding="utf-8"?><testsuites><testsuite name="pytest" errors="0" failures="1" skipped="0" tests="19" time="11.620" timestamp="2022-08-15T07:13:58.331121" hostname="fv-az451-386"><testcase classname="tests.dataclass.efficiency_test" name="test_from_json" time="0.002" /><testcase classname="tests.dataclass.efficiency_test" name="test_evaluate" time="0.002" /><testcase classname="tests.dataclass.efficiency_test" name="test_weighted_mean" time="0.001" /><testcase classname="tests.mapping.test_aperture" name="test_cos_angle_from_normal_vectorAB" time="0.001" /><testcase classname="tests.mapping.test_aperture" name="test_vec2ring" time="0.001" /><testcase classname="tests.mapping.test_aperture" name="test_inout_convex_on_sphere" time="0.002" /><testcase classname="tests.mapping.test_aperture" name="test_inout_convex_on_sphere_map" time="0.001" /><testcase classname="tests.mapping.test_aperture" name="test_inout_detector" time="0.815" /><testcase classname="tests.mapping.test_read_catalog" name="test_inout_detector" time="0.322" /><testcase classname="tests.mission.test_mission" name="test_singleton" time="0.002" /><testcase classname="tests.mission.test_mission" name="test_singleton_2" time="0.001" /><testcase classname="tests.mission.test_mission" name="test_efficiency" time="0.002" /><testcase classname="tests.mission.test_mission" name="test_troughput" time="0.001" /><testcase classname="tests.mission.test_mission" name="test_period" time="0.001" /><testcase classname="tests.mission.test_mission" name="test_inclination" time="0.001" /><testcase classname="tests.obsplan.test_mapsim1" name="test_it" time="0.001"><failure message="FileNotFoundError: [Errno 2] No such file or directory: 'map.svg'">def test_it():
&gt;       os.remove("map.svg")
E       FileNotFoundError: [Errno 2] No such file or directory: 'map.svg'

../tests/obsplan/test_mapsim1.py:7: FileNotFoundError</failure></testcase><testcase classname="tests.photometry.Hw_coeff_test" name="test_compute_Hw_relation" time="5.509" /><testcase classname="tests.photometry.convmag_test" name="test_get_flux" time="0.009" /><testcase classname="tests.photometry.convmag_test" name="test_get_mag" time="0.004" /></testsuite></testsuites>