<?xml version="1.0" encoding="utf-8"?><testsuites><testsuite name="pytest" errors="0" failures="1" skipped="0" tests="26" time="7.677" timestamp="2022-07-31T00:20:46.265628" hostname="fv-az465-997"><testcase classname="tests.dataclass.efficiency_test" name="test_from_json" time="0.001" /><testcase classname="tests.dataclass.efficiency_test" name="test_evaluate" time="0.001" /><testcase classname="tests.dataclass.efficiency_test" name="test_weighted_mean" time="0.001" /><testcase classname="tests.mapping.test_aperture" name="test_cos_angle_from_normal_vectorAB" time="0.001" /><testcase classname="tests.mapping.test_aperture" name="test_vec2ring" time="0.001" /><testcase classname="tests.mapping.test_aperture" name="test_inout_convex_on_sphere" time="0.001" /><testcase classname="tests.mapping.test_aperture" name="test_inout_convex_on_sphere_map" time="0.001" /><testcase classname="tests.mapping.test_aperture" name="test_inout_detector" time="0.334" /><testcase classname="tests.mapping.test_read_catalog" name="test_inout_detector" time="0.245" /><testcase classname="tests.mission.test_mission" name="test_singleton" time="0.002" /><testcase classname="tests.mission.test_mission" name="test_singleton_2" time="0.001" /><testcase classname="tests.mission.test_mission" name="test_efficiency" time="0.001" /><testcase classname="tests.mission.test_mission" name="test_troughput" time="0.001" /><testcase classname="tests.mission.test_mission" name="test_period" time="0.001" /><testcase classname="tests.mission.test_mission" name="test_inclination" time="0.001" /><testcase classname="tests.photometry.Hw_coeff_test" name="test_compute_Hw_relation" time="3.112" /><testcase classname="tests.photometry.convmag_test" name="test_get_flux" time="0.006" /><testcase classname="tests.photometry.convmag_test" name="test_get_mag" time="0.003" /><testcase classname="tests.pipeline.test_analysis" name="test_step1" time="0.558"><failure message="assert 0.41540963255457974 &lt; 0.15&#10; +  where 0.41540963255457974 = abs((15.71768199203656 - 15.30227235948198))">def test_step1():
        """ test for the step from detector image to stellar position on detector coordinate
    
        Returns:
        TODO: Error(s) sometimes occurs because the value is generated from random number.
        """
        a = [OnDetectorPosition(1, 50., 50., 3000.)]
        for i in range(10):
            a.append(OnDetectorPosition(i + 1, 5 + 90 * np.random.rand(), 5 + 90 * np.random.rand(),
                                        int(2000 + 2000 * np.random.rand())))
        w = WCS(naxis=2)
    
        s1 = StellarImage(w)
        s1.add_position(a)
        d1 = DetectorImage("outputa.fits")
        s1.add_child(d1)
        vs = Simulation()
        s1.accept(vs)
    
        s2 = StellarImage(w)
        d2 = DetectorImage("outputa.fits")
        s2.add_child(d2)
        va = Analysis()
        s2.accept(va)
    
        a1 = s1.get_list()
        a2 = s2.get_list()
    
        n1 = []
        for s in a1:
            n1.append([s.x, s.y])
        n2 = []
        for s in a2:
            n2.append([s.x, s.y])
        np1 = np.sort(np.array(n1, dtype=np.float64), axis=0)
        np2 = np.sort(np.array(n2, dtype=np.float64), axis=0)
        for i in range(len(n1)):
&gt;           assert (abs(np1[i][0] - np2[i][0]) &lt; 0.15)
E           assert 0.41540963255457974 &lt; 0.15
E            +  where 0.41540963255457974 = abs((15.71768199203656 - 15.30227235948198))

tests/pipeline/test_analysis.py:51: AssertionError</failure></testcase><testcase classname="tests.pipeline.test_analysis" name="test_step2" time="0.011" /><testcase classname="tests.pipeline.test_analysis" name="test_step3" time="0.717" /><testcase classname="tests.pipeline.test_downward" name="test_1" time="0.002" /><testcase classname="tests.pipeline.test_simulation" name="test_step1" time="0.014" /><testcase classname="tests.pipeline.test_simulation" name="test_step2" time="0.007" /><testcase classname="tests.pipeline.test_simulation" name="test_step3" time="0.480" /><testcase classname="tests.pipeline.test_upward" name="test_1" time="0.002" /></testsuite></testsuites>