<?xml version="1.0" encoding="utf-8"?><testsuites><testsuite name="pytest" errors="0" failures="0" skipped="0" tests="45" time="15.038" timestamp="2022-08-31T04:08:46.321974" hostname="fv-az399-539"><testcase classname="tests.dataclass.efficiency_test" name="test_from_json" time="0.001" /><testcase classname="tests.dataclass.efficiency_test" name="test_evaluate" time="0.001" /><testcase classname="tests.dataclass.efficiency_test" name="test_weighted_mean" time="0.001" /><testcase classname="tests.mapping.test_aperture" name="test_cos_angle_from_normal_vectorAB" time="0.001" /><testcase classname="tests.mapping.test_aperture" name="test_vec2ring" time="0.001" /><testcase classname="tests.mapping.test_aperture" name="test_inout_convex_on_sphere" time="0.001" /><testcase classname="tests.mapping.test_aperture" name="test_inout_convex_on_sphere_map" time="0.001" /><testcase classname="tests.mapping.test_aperture" name="test_inout_detector" time="0.318" /><testcase classname="tests.mapping.test_read_catalog" name="test_inout_detector" time="0.218" /><testcase classname="tests.mission.test_mission" name="test_singleton" time="0.001" /><testcase classname="tests.mission.test_mission" name="test_singleton_2" time="0.000" /><testcase classname="tests.mission.test_mission" name="test_efficiency" time="0.001" /><testcase classname="tests.mission.test_mission" name="test_troughput" time="0.001" /><testcase classname="tests.mission.test_mission" name="test_period" time="0.000" /><testcase classname="tests.mission.test_mission" name="test_inclination" time="0.000" /><testcase classname="tests.photometry.Hw_coeff_test" name="test_compute_Hw_relation" time="2.672" /><testcase classname="tests.photometry.convmag_test" name="test_get_flux" time="0.009" /><testcase classname="tests.photometry.convmag_test" name="test_get_mag" time="0.003" /><testcase classname="tests.pipeline.test_astrometriccatalogue" name="test_calculate_ap_parameters" time="9.004" /><testcase classname="tests.pipeline.test_catalogue_entry" name="test_catalogue_entry" time="0.032" /><testcase classname="tests.pipeline.test_detectorimage" name="test_make_image_set_position" time="0.007" /><testcase classname="tests.pipeline.test_detectorimage" name="test_make_image_point_count[pos_array0-3000]" time="0.013" /><testcase classname="tests.pipeline.test_detectorimage" name="test_make_image_point_count[pos_array1-0]" time="0.011" /><testcase classname="tests.pipeline.test_detectorimage" name="test_make_image_point_count[pos_array2-6000]" time="0.027" /><testcase classname="tests.pipeline.test_detectorimage" name="test_make_image_point_count[pos_array3-0]" time="0.004" /><testcase classname="tests.pipeline.test_detectorimage" name="test_make_image_point_count[pos_array4-0]" time="0.004" /><testcase classname="tests.pipeline.test_detectorimage" name="test__incriment_position[pos0-randn0-actual0]" time="0.003" /><testcase classname="tests.pipeline.test_detectorimage" name="test__incriment_position[pos1-randn1-actual1]" time="0.002" /><testcase classname="tests.pipeline.test_detectorimage" name="test__incriment_position[pos2-randn2-actual2]" time="0.002" /><testcase classname="tests.pipeline.test_detectorimage" name="test__incriment_position[pos3-randn3-actual3]" time="0.002" /><testcase classname="tests.pipeline.test_detectorimage" name="test__incriment_position[pos4-randn4-actual4]" time="0.002" /><testcase classname="tests.pipeline.test_detectorimage" name="test__incriment_position[pos5-randn5-actual5]" time="0.002" /><testcase classname="tests.pipeline.test_detectorimage" name="test__is_include_area[pos0-True]" time="0.001" /><testcase classname="tests.pipeline.test_detectorimage" name="test__is_include_area[pos1-False]" time="0.001" /><testcase classname="tests.pipeline.test_detectorimage" name="test__is_include_area[pos2-False]" time="0.001" /><testcase classname="tests.pipeline.test_detectorimage" name="test__is_include_area[pos3-True]" time="0.001" /><testcase classname="tests.pipeline.test_detectorimage" name="test__is_include_area[pos4-True]" time="0.001" /><testcase classname="tests.pipeline.test_detectorimage" name="test__is_include_area[pos5-False]" time="0.001" /><testcase classname="tests.pipeline.test_detectorimage" name="test__is_include_area[pos6-False]" time="0.001" /><testcase classname="tests.pipeline.test_downward" name="test_1" time="0.002" /><testcase classname="tests.pipeline.test_ontheskyposition" name="test_set_on_the_sky_list" time="0.349" /><testcase classname="tests.pipeline.test_ontheskyposition" name="test_map_to_the_sky" time="0.008" /><testcase classname="tests.pipeline.test_stellarimage" name="test_world_to_pixel" time="0.004" /><testcase classname="tests.pipeline.test_stellarimage" name="test_pixel_to_world" time="0.003" /><testcase classname="tests.pipeline.test_upward" name="test_1" time="0.002" /></testsuite></testsuites>