<?xml version="1.0" encoding="utf-8"?><testsuites><testsuite name="pytest" errors="1" failures="0" skipped="0" tests="1" time="5.518" timestamp="2022-09-06T00:18:32.187964" hostname="fv-az220-175"><testcase classname="" name="tests.pipeline.test_detector_image_builder" time="0.000"><error message="collection failure">ImportError while importing test module '/home/runner/work/telescope_baseline/telescope_baseline/tests/pipeline/test_detector_image_builder.py'.
Hint: make sure your test modules/packages have valid Python names.
Traceback:
/opt/hostedtoolcache/Python/3.9.13/x64/lib/python3.9/importlib/__init__.py:127: in import_module
    return _bootstrap._gcd_import(name[level:], package, level)
../tests/pipeline/test_detector_image_builder.py:4: in &lt;module&gt;
    from build.lib.telescope_baseline.tools.pipeline_v2.position2d import Position2D
E   ModuleNotFoundError: No module named 'build'</error></testcase></testsuite></testsuites>