<?xml version="1.0" encoding="utf-8"?><testsuites><testsuite name="pytest" errors="0" failures="0" skipped="0" tests="26" time="6.369" timestamp="2022-07-31T07:25:29.379197" hostname="fv-az208-588"><testcase classname="tests.dataclass.efficiency_test" name="test_from_json" time="0.001" /><testcase classname="tests.dataclass.efficiency_test" name="test_evaluate" time="0.001" /><testcase classname="tests.dataclass.efficiency_test" name="test_weighted_mean" time="0.001" /><testcase classname="tests.mapping.test_aperture" name="test_cos_angle_from_normal_vectorAB" time="0.001" /><testcase classname="tests.mapping.test_aperture" name="test_vec2ring" time="0.001" /><testcase classname="tests.mapping.test_aperture" name="test_inout_convex_on_sphere" time="0.001" /><testcase classname="tests.mapping.test_aperture" name="test_inout_convex_on_sphere_map" time="0.001" /><testcase classname="tests.mapping.test_aperture" name="test_inout_detector" time="0.292" /><testcase classname="tests.mapping.test_read_catalog" name="test_inout_detector" time="0.221" /><testcase classname="tests.mission.test_mission" name="test_singleton" time="0.001" /><testcase classname="tests.mission.test_mission" name="test_singleton_2" time="0.000" /><testcase classname="tests.mission.test_mission" name="test_efficiency" time="0.001" /><testcase classname="tests.mission.test_mission" name="test_troughput" time="0.001" /><testcase classname="tests.mission.test_mission" name="test_period" time="0.000" /><testcase classname="tests.mission.test_mission" name="test_inclination" time="0.000" /><testcase classname="tests.photometry.Hw_coeff_test" name="test_compute_Hw_relation" time="2.874" /><testcase classname="tests.photometry.convmag_test" name="test_get_flux" time="0.009" /><testcase classname="tests.photometry.convmag_test" name="test_get_mag" time="0.003" /><testcase classname="tests.pipeline.test_analysis" name="test_step1" time="0.073" /><testcase classname="tests.pipeline.test_analysis" name="test_step2" time="0.011" /><testcase classname="tests.pipeline.test_analysis" name="test_step3" time="0.469" /><testcase classname="tests.pipeline.test_downward" name="test_1" time="0.002" /><testcase classname="tests.pipeline.test_simulation" name="test_step1" time="0.011" /><testcase classname="tests.pipeline.test_simulation" name="test_step2" time="0.005" /><testcase classname="tests.pipeline.test_simulation" name="test_step3" time="0.355" /><testcase classname="tests.pipeline.test_upward" name="test_1" time="0.002" /></testsuite></testsuites>