<?xml version="1.0" encoding="utf-8"?><testsuites><testsuite name="pytest" errors="0" failures="1" skipped="0" tests="18" time="12.076" timestamp="2022-08-09T09:57:59.236816" hostname="fv-az201-59"><testcase classname="tests.dataclass.efficiency_test" name="test_from_json" time="0.002" /><testcase classname="tests.dataclass.efficiency_test" name="test_evaluate" time="0.001" /><testcase classname="tests.dataclass.efficiency_test" name="test_weighted_mean" time="0.001" /><testcase classname="tests.mapping.test_aperture" name="test_cos_angle_from_normal_vectorAB" time="0.001" /><testcase classname="tests.mapping.test_aperture" name="test_vec2ring" time="0.001" /><testcase classname="tests.mapping.test_aperture" name="test_inout_convex_on_sphere" time="0.001" /><testcase classname="tests.mapping.test_aperture" name="test_inout_convex_on_sphere_map" time="0.001" /><testcase classname="tests.mapping.test_aperture" name="test_inout_detector" time="0.698" /><testcase classname="tests.mapping.test_read_catalog" name="test_inout_detector" time="0.236" /><testcase classname="tests.mission.test_mission" name="test_singleton" time="0.002" /><testcase classname="tests.mission.test_mission" name="test_singleton_2" time="0.001" /><testcase classname="tests.mission.test_mission" name="test_efficiency" time="0.001" /><testcase classname="tests.mission.test_mission" name="test_troughput" time="0.001" /><testcase classname="tests.mission.test_mission" name="test_period" time="0.001" /><testcase classname="tests.mission.test_mission" name="test_inclination" time="0.001" /><testcase classname="tests.photometry.Hw_coeff_test" name="test_compute_Hw_relation" time="4.468"><failure message="assert -0.045044123390038465 == -0.06296266744365273 ± 6.3e-08&#10;  comparison failed&#10;  Obtained: -0.045044123390038465&#10;  Expected: -0.06296266744365273 ± 6.3e-08">def test_compute_Hw_relation():
        res, sigma, colors, ar_J_H, ar_Hw_H, residuals=Hw_coeff.compute_Hw_relation(9000.0, 16000.0)
&gt;       assert res.x[0]==pytest.approx(-0.06296266744365273)
E       assert -0.045044123390038465 == -0.06296266744365273 ± 6.3e-08
E         comparison failed
E         Obtained: -0.045044123390038465
E         Expected: -0.06296266744365273 ± 6.3e-08

../tests/photometry/Hw_coeff_test.py:9: AssertionError</failure></testcase><testcase classname="tests.photometry.convmag_test" name="test_get_flux" time="0.007" /><testcase classname="tests.photometry.convmag_test" name="test_get_mag" time="0.003" /></testsuite></testsuites>